<?xml version="1.0" encoding="UTF-8"?>
<!-- Generated by org.testng.reporters.JUnitReportReporter -->
<testsuite skipped="0" hostname="SamTo" name="AutomationTest.TestNG" tests="1" failures="0" timestamp="12 Mar 2019 07:41:12 GMT" time="20.441" errors="0">
  <testcase name="verifyHomepageTitle" time="20.441" classname="AutomationTest.TestNG"/>
</testsuite> <!-- AutomationTest.TestNG -->
